<?xml version="1.0" encoding="UTF-8"?>
<testsuites tests="1" failures="0" errors="0" skipped="0">
  <testsuite name="My Login application" timestamp="2025-03-11T15:52:20" time="2.224" tests="1" failures="0" errors="0" skipped="0">
    <properties>
      <property name="specId" value="0"/>
      <property name="suiteName" value="My Login application"/>
      <property name="capabilities" value="chrome.134_0_6998_45.mac"/>
      <property name="file" value="file://./tests/test.e2e.js"/>
    </properties>
    <testcase classname="chrome.134_0_6998_45.mac.My_Login_application" name="should login with valid credentials" time="2.223" file="file://./tests/test.e2e.js">
      <system-out><![CDATA[
COMMAND: POST /session/0f210b1f1e3488c575ddeac3d24312d4/element/f.5137C070B73EB0865289B5D695EFBF30.d.4B7BAFF39677445C3D6AD2C7A2A27431.e.5/clear - {}
RESULT: {}
COMMAND: POST /session/0f210b1f1e3488c575ddeac3d24312d4/element/f.5137C070B73EB0865289B5D695EFBF30.d.4B7BAFF39677445C3D6AD2C7A2A27431.e.5/value - {"text":"tomsmith"}
RESULT: {"text":"tomsmith"}
COMMAND: POST /session/0f210b1f1e3488c575ddeac3d24312d4/element/f.5137C070B73EB0865289B5D695EFBF30.d.4B7BAFF39677445C3D6AD2C7A2A27431.e.6/clear - {}
RESULT: {}
COMMAND: POST /session/0f210b1f1e3488c575ddeac3d24312d4/element/f.5137C070B73EB0865289B5D695EFBF30.d.4B7BAFF39677445C3D6AD2C7A2A27431.e.6/value - {"text":"SuperSecretPassword!"}
RESULT: {"text":"SuperSecretPassword!"}
COMMAND: POST /session/0f210b1f1e3488c575ddeac3d24312d4/element/f.5137C070B73EB0865289B5D695EFBF30.d.4B7BAFF39677445C3D6AD2C7A2A27431.e.7/click - {}
RESULT: {}
COMMAND: POST /session/0f210b1f1e3488c575ddeac3d24312d4/elements - {"using":"css selector","value":"#flash"}
RESULT: {"using":"css selector","value":"#flash"}
COMMAND: GET /session/0f210b1f1e3488c575ddeac3d24312d4/element/f.5137C070B73EB0865289B5D695EFBF30.d.889776FC03DB0B59442BA69E42CDF12E.e.17/text - {}
RESULT: {}
COMMAND: DELETE /session/0f210b1f1e3488c575ddeac3d24312d4 - {}
RESULT: {}
]]></system-out>
    </testcase>
  </testsuite>
</testsuites>